<?xml version="1.0" encoding="UTF-8"?>
<!-- Generated by org.testng.reporters.JUnitXMLReporter -->
<testsuite ignored="0" hostname="DESKTOP-643I52C" failures="0" tests="5" name="Default test" time="9.382" errors="0" timestamp="2024-06-06T20:31:27 IST">
  <testcase classname="Test.Login_Test" name="Login_TestCase_Without_Enteringdata" time="0.107"/>
  <testcase classname="Test.Login_Test" name="Login_TestCase_inavlid_username_invalid_password" time="1.559"/>
  <testcase classname="Test.Login_Test" name="Login_TestCase_valid_username_invalid_password" time="1.526"/>
  <testcase classname="Test.Login_Test" name="Login_TestCase_invalid_username_valid_password" time="1.426"/>
  <testcase classname="Test.Login_Test" name="Login_TestCase_valid_username_valid_password" time="4.693"/>
</testsuite> <!-- Default test -->
